[ 2017-04-16T09:21:36+08:00 ] 121.42.174.228 42.156.251.188 GET /
[ log ] dev.happyoneplus.com/ [运行时间：0.063960s][吞吐率：15.63req/s] [内存消耗：2,892.48kb] [文件加载：50]
[ info ] [ LANG ] /data/wwwroot/dev.happyoneplus.com/thinkphp/lang/zh-cn.php
[ info ] [ ROUTE ] array (
  'type' => 'module',
  'module' => 
  array (
    0 => 'index',
    1 => 'index',
    2 => 'index',
  ),
  'convert' => false,
)
[ info ] [ HEADER ] array (
  'user-agent' => 'spiderman',
  'accept-language' => 'en-us,en-gb,en;q=0.7,*;q=0.3',
  'accept-charset' => 'utf-8,ISO-8859-1;q=0.7,*;q=0.7',
  'accept' => 'text/html,application/xml;q=0.9,application/xhtml+xml,text/xml;q=0.9,text/plain;q=0.8,image/png,*/*;q=0.5',
  'accept-encoding' => 'x-gzip, gzip, deflate',
  'host' => 'dev.happyoneplus.com',
  'cookie' => 'cook_session=8i2sgi9e9ifm4hhumctb6ohtu3',
  'content-type' => '',
  'content-length' => '',
)
[ info ] [ PARAM ] array (
)
[ info ] [ RUN ] app\index\controller\Index->index[ /data/wwwroot/dev.happyoneplus.com/application/index/controller/Index.php ]
[ info ] [ LOG ] INIT File

---------------------------------------------------------------
