[ 2017-04-26T21:02:06+08:00 ] 121.42.174.228 118.26.179.76 POST /user/getallid
[ log ] dev.happyoneplus.com/user/getallid [运行时间：0.038505s][吞吐率：25.97req/s] [内存消耗：3,573.88kb] [文件加载：48]
[ info ] [ LANG ] /data/wwwroot/dev.happyoneplus.com/thinkphp/lang/zh-cn.php
[ info ] [ ROUTE ] array (
  'type' => 'module',
  'module' => 
  array (
    0 => 'index',
    1 => 'user',
    2 => 'getallid',
  ),
  'convert' => false,
)
[ info ] [ HEADER ] array (
  'charset' => 'UTF-8',
  'accept' => '*/*',
  'user-agent' => 'Mozilla/5.0 (Linux; Android 6.0; 1505-A01 Build/MRA58K; wv) AppleWebKit/537.36 (KHTML, like Gecko) Version/4.0 Chrome/48.0.2564.95 Mobile Safari/537.36',
  'connection' => 'Keep-Alive',
  'accept-encoding' => 'gzip',
  'content-type' => 'application/x-www-form-urlencoded',
  'host' => 'dev.happyoneplus.com',
  'content-length' => '72',
)
[ info ] [ PARAM ] array (
  'id' => '["510141cd31ab8ba0e93edea8","5101414abbbe400e136cbae7"]',
)
[ info ] [ RUN ] app\index\controller\User->getallid[ /data/wwwroot/dev.happyoneplus.com/application/index/controller/User.php ]
[ info ] [ DB ] INIT mysql
[ info ] [ LOG ] INIT File
[ sql ] [ DB ] CONNECT:[ UseTime:0.000508s ] mysql:dbname=project;host=127.0.0.1;port=3306;charset=utf8
[ sql ] [ SQL ] SHOW COLUMNS FROM `userinfo` [ RunTime:0.001195s ]
[ sql ] [ SQL ] SELECT * FROM `userinfo` WHERE  `id` IN ('510141cd31ab8ba0e93edea8','5101414abbbe400e136cbae7') [ RunTime:0.000316s ]

---------------------------------------------------------------
