[ 2017-05-09T15:17:17+08:00 ] 121.42.174.228 118.26.179.76 POST //orders/get
[ log ] dev.happyoneplus.com//orders/get [运行时间：0.143985s][吞吐率：6.95req/s] [内存消耗：4,060.09kb] [文件加载：50]
[ info ] [ LANG ] /data/wwwroot/dev.happyoneplus.com/thinkphp/lang/zh-cn.php
[ info ] [ ROUTE ] array (
  'type' => 'module',
  'module' => 
  array (
    0 => 'index',
    1 => 'orders',
    2 => 'get',
  ),
  'convert' => false,
)
[ info ] [ HEADER ] array (
  'charset' => 'UTF-8',
  'accept' => '*/*',
  'user-agent' => 'Mozilla/5.0 (Linux; Android 7.1.1; TA-1000 Build/NMF26F; wv) AppleWebKit/537.36 (KHTML, like Gecko) Version/4.0 Chrome/56.0.2924.87 Mobile Safari/537.36',
  'connection' => 'Keep-Alive',
  'token-key' => '5e05c38f99c648310859f8f311301000057d5f76',
  'accept-encoding' => 'gzip',
  'content-type' => 'application/x-www-form-urlencoded',
  'host' => 'dev.happyoneplus.com',
  'content-length' => '95',
)
[ info ] [ PARAM ] array (
  'id' => '{"id":"510141cd31ab8ba0e93edea8"}',
  'DataJson' => '',
  'Limit' => '',
  'OrderJson' => '',
  'Skip' => '',
  'WhereJson' => '',
)
[ info ] [ RUN ] app\index\controller\Orders->get[ /data/wwwroot/dev.happyoneplus.com/application/index/controller/Orders.php ]
[ info ] [ DB ] INIT mysql
[ info ] [ LOG ] INIT File
[ sql ] [ DB ] CONNECT:[ UseTime:0.002490s ] mysql:dbname=project;host=127.0.0.1;port=3306;charset=utf8
[ sql ] [ SQL ] SHOW COLUMNS FROM `orders` [ RunTime:0.004095s ]
[ sql ] [ SQL ] SELECT * FROM `orders` WHERE  `employ_id` = '510141cd31ab8ba0e93edea8'  AND `role_status` < 8 [ RunTime:0.001906s ]

---------------------------------------------------------------
