[ 2017-05-12T15:58:33+08:00 ] 121.42.174.228 118.26.179.76 POST //orders/ismessage
[ log ] dev.happyoneplus.com//orders/ismessage [运行时间：0.088132s][吞吐率：11.35req/s] [内存消耗：3,681.86kb] [文件加载：48]
[ info ] [ LANG ] /data/wwwroot/dev.happyoneplus.com/thinkphp/lang/zh-cn.php
[ info ] [ ROUTE ] array (
  'type' => 'module',
  'module' => 
  array (
    0 => 'index',
    1 => 'orders',
    2 => 'ismessage',
  ),
  'convert' => false,
)
[ info ] [ HEADER ] array (
  'charset' => 'UTF-8',
  'accept' => '*/*',
  'user-agent' => 'Mozilla/5.0 (Linux; Android 7.1.1; TA-1000 Build/NMF26F; wv) AppleWebKit/537.36 (KHTML, like Gecko) Version/4.0 Chrome/56.0.2924.87 Mobile Safari/537.36',
  'connection' => 'Keep-Alive',
  'token-key' => '30a9c58e0ce1189944fe628425882fa7e023afb4',
  'accept-encoding' => 'gzip',
  'content-type' => 'application/x-www-form-urlencoded',
  'host' => 'dev.happyoneplus.com',
  'content-length' => '60',
)
[ info ] [ PARAM ] array (
  'id' => '{"id":"6558594cc082519c4b206540"}',
  'DataJson' => '',
)
[ info ] [ RUN ] app\index\controller\Orders->isMessage[ /data/wwwroot/dev.happyoneplus.com/application/index/controller/Orders.php ]
[ info ] [ DB ] INIT mysql
[ info ] [ LOG ] INIT File
[ sql ] [ DB ] CONNECT:[ UseTime:0.000322s ] mysql:dbname=project;host=127.0.0.1;port=3306;charset=utf8
[ sql ] [ SQL ] SHOW COLUMNS FROM `applicant_list` [ RunTime:0.002061s ]
[ sql ] [ SQL ] SELECT * FROM `applicant_list` WHERE  `uid` = '6558594cc082519c4b206540'  AND `is_scan` = 0 ORDER BY add_time desc LIMIT 1 [ RunTime:0.000372s ]
[ sql ] [ SQL ] SHOW COLUMNS FROM `orders` [ RunTime:0.000834s ]
[ sql ] [ SQL ] SELECT * FROM `orders` WHERE  `worker_id` = '6558594cc082519c4b206540'  AND `is_scan` = 0 ORDER BY update_time desc LIMIT 1 [ RunTime:0.000275s ]

---------------------------------------------------------------
