[ 2017-05-21T04:19:49+08:00 ] 121.42.174.228 223.85.194.251 GET /
[ log ] dev.happyoneplus.com/ [运行时间：0.037828s][吞吐率：26.44req/s] [内存消耗：2,911.45kb] [文件加载：50]
[ info ] [ LANG ] /data/wwwroot/dev.happyoneplus.com/thinkphp/lang/zh-cn.php
[ info ] [ ROUTE ] array (
  'type' => 'module',
  'module' => 
  array (
    0 => 'home',
    1 => 'index',
    2 => 'index',
  ),
  'convert' => false,
)
[ info ] [ HEADER ] array (
  'accept-encoding' => 'identity',
  'accept-language' => 'zh-CN,zh;q=0.8,en;q=0.6,it;q=0.4,nb;q=0.2,zh-TW;q=0.2',
  'connection' => 'close',
  'accept' => 'ext/html,application/xhtml+xml,application/xml;q=0.9,image/webp,*/*;q=0.8',
  'upgrade-insecure-requests' => '1',
  'host' => 'dev.happyoneplus.com',
  'referer' => 'http://bat.21tb.com',
  'cache-control' => 'max-age=0',
  'user-agent' => 'Mozilla/5.0 (Windows NT 6.1; WOW64) AppleWebKit/537.36 (KHTML, like Gecko) Chrome/49.0.2623.112 Safari/537.36',
  'content-type' => '',
  'content-length' => '',
)
[ info ] [ PARAM ] array (
)
[ info ] [ RUN ] app\home\controller\Index->Index[ /data/wwwroot/dev.happyoneplus.com/application/home/controller/Index.php ]
[ info ] [ VIEW ] /data/wwwroot/dev.happyoneplus.com/public/../application/home/view/index/index.html [ array (
) ]
[ info ] [ LOG ] INIT File

---------------------------------------------------------------
